Arguments: 
  /usr/local/bin/node /usr/local/bin/yarn add manager-polling-app-client@0.1.0

PATH: 
  /usr/local/bin:/usr/bin:/bin:/usr/sbin:/sbin:/Users/paulnelsonbecker/Developer/flutter/bin:/usr/local/share/dotnet:/opt/X11/bin:~/.dotnet/tools:/Library/Apple/usr/bin:/Library/Frameworks/Mono.framework/Versions/Current/Commands:/Users/paulnelsonbecker/opt/miniconda3/bin:/Users/paulnelsonbecker/opt/miniconda3/condabin:/Users/paulnelsonbecker/Library/Python/2.7/bin:/Users/paulnelsonbecker/Library/Python/3.8/bin

Yarn version: 
  1.22.19

Node version: 
  14.17.4

Platform: 
  darwin x64

Trace: 
  Error: https://registry.yarnpkg.com/manager-polling-app-client: Not found
      at Request.params.callback [as _callback] (/usr/local/lib/node_modules/yarn/lib/cli.js:66145:18)
      at Request.self.callback (/usr/local/lib/node_modules/yarn/lib/cli.js:140890:22)
      at Request.emit (events.js:400:28)
      at Request.<anonymous> (/usr/local/lib/node_modules/yarn/lib/cli.js:141862:10)
      at Request.emit (events.js:400:28)
      at IncomingMessage.<anonymous> (/usr/local/lib/node_modules/yarn/lib/cli.js:141784:12)
      at Object.onceWrapper (events.js:519:28)
      at IncomingMessage.emit (events.js:412:35)
      at endReadableNT (internal/streams/readable.js:1317:12)
      at processTicksAndRejections (internal/process/task_queues.js:82:21)

npm manifest: 
  {
    "name": "client",
    "version": "0.1.0",
    "private": true,
    "proxy": "http://127.0.0.1:5000/",
    "dependencies": {
      "@testing-library/jest-dom": "^5.16.5",
      "@testing-library/react": "^13.3.0",
      "@testing-library/user-event": "^13.5.0",
      "react": "^18.2.0",
      "react-dom": "^18.2.0",
      "react-router-dom": "^6.3.0",
      "react-scripts": "5.0.1",
      "web-vitals": "^2.1.4"
    },
    "scripts": {
      "start": "react-scripts start",
      "build": "react-scripts build",
      "test": "react-scripts test",
      "eject": "react-scripts eject"
    },
    "eslintConfig": {
      "extends": [
        "react-app",
        "react-app/jest"
      ]
    },
    "browserslist": {
      "production": [
        ">0.2%",
        "not dead",
        "not op_mini all"
      ],
      "development": [
        "last 1 chrome version",
        "last 1 firefox version",
        "last 1 safari version"
      ]
    }
  }

yarn manifest: 
  No manifest

Lockfile: 
  No lockfile
